Building target platforms: x86_64
Building for target x86_64
error: cannot open Packages database in /var/lib/rpm
+ umask 022
+ cd /home/eldrinsmp/GitHub/video-simili-duplicate-cleaner/QtProject_Linux/release-build/linux/_CPack_Packages/Linux/RPM/BUILD/video-simili-duplicate-cleaner-1.13.0L-build
+ mv /home/eldrinsmp/GitHub/video-simili-duplicate-cleaner/QtProject_Linux/release-build/linux/_CPack_Packages/Linux/RPM/video-simili-duplicate-cleaner-1.13.0L-Linux /home/eldrinsmp/GitHub/video-simili-duplicate-cleaner/QtProject_Linux/release-build/linux/_CPack_Packages/Linux/RPM/tmpBBroot
+ RPM_EC=0
++ jobs -p
+ exit 0
+ umask 022
+ cd /home/eldrinsmp/GitHub/video-simili-duplicate-cleaner/QtProject_Linux/release-build/linux/_CPack_Packages/Linux/RPM/BUILD/video-simili-duplicate-cleaner-1.13.0L-build
+ /usr/bin/rm -rf /home/eldrinsmp/GitHub/video-simili-duplicate-cleaner/QtProject_Linux/release-build/linux/_CPack_Packages/Linux/RPM/video-simili-duplicate-cleaner-1.13.0L-Linux
+ /usr/bin/mkdir -p /home/eldrinsmp/GitHub/video-simili-duplicate-cleaner/QtProject_Linux/release-build/linux/_CPack_Packages/Linux/RPM
+ /usr/bin/mkdir /home/eldrinsmp/GitHub/video-simili-duplicate-cleaner/QtProject_Linux/release-build/linux/_CPack_Packages/Linux/RPM/video-simili-duplicate-cleaner-1.13.0L-Linux
+ '[' -e /home/eldrinsmp/GitHub/video-simili-duplicate-cleaner/QtProject_Linux/release-build/linux/_CPack_Packages/Linux/RPM/video-simili-duplicate-cleaner-1.13.0L-Linux ']'
+ rm -rf /home/eldrinsmp/GitHub/video-simili-duplicate-cleaner/QtProject_Linux/release-build/linux/_CPack_Packages/Linux/RPM/video-simili-duplicate-cleaner-1.13.0L-Linux
+ mv /home/eldrinsmp/GitHub/video-simili-duplicate-cleaner/QtProject_Linux/release-build/linux/_CPack_Packages/Linux/RPM/tmpBBroot /home/eldrinsmp/GitHub/video-simili-duplicate-cleaner/QtProject_Linux/release-build/linux/_CPack_Packages/Linux/RPM/video-simili-duplicate-cleaner-1.13.0L-Linux
+ /usr/lib/rpm/brp-compress /usr
+ /usr/lib/rpm/brp-elfperms
+ /usr/lib/rpm/brp-strip /usr/bin/strip
+ /usr/lib/rpm/brp-strip-static-archive /usr/bin/strip
+ /usr/lib/rpm/brp-strip-comment-note /usr/bin/strip /usr/bin/objdump
+ /usr/lib/rpm/brp-remove-la-files
+ umask 022
+ cd /home/eldrinsmp/GitHub/video-simili-duplicate-cleaner/QtProject_Linux/release-build/linux/_CPack_Packages/Linux/RPM/BUILD/video-simili-duplicate-cleaner-1.13.0L-build
+ RPM_EC=0
++ jobs -p
+ exit 0
+ umask 022
+ cd /home/eldrinsmp/GitHub/video-simili-duplicate-cleaner/QtProject_Linux/release-build/linux/_CPack_Packages/Linux/RPM/BUILD/video-simili-duplicate-cleaner-1.13.0L-build
+ test -d /home/eldrinsmp/GitHub/video-simili-duplicate-cleaner/QtProject_Linux/release-build/linux/_CPack_Packages/Linux/RPM/BUILD/video-simili-duplicate-cleaner-1.13.0L-build
+ /usr/bin/chmod -Rf a+rX,u+w,g-w,o-w /home/eldrinsmp/GitHub/video-simili-duplicate-cleaner/QtProject_Linux/release-build/linux/_CPack_Packages/Linux/RPM/BUILD/video-simili-duplicate-cleaner-1.13.0L-build
+ rm -rf /home/eldrinsmp/GitHub/video-simili-duplicate-cleaner/QtProject_Linux/release-build/linux/_CPack_Packages/Linux/RPM/BUILD/video-simili-duplicate-cleaner-1.13.0L-build
+ RPM_EC=0
++ jobs -p
+ exit 0
